<?xml version="1.0" encoding="UTF-8"?>
<!-- Generated by org.testng.reporters.JUnitXMLReporter -->
<testsuite ignored="5" hostname="Dmytros-MacBook-Pro.local" failures="1" tests="1" name="Smoke" time="0.019" errors="0" timestamp="2023-07-03T16:05:18 EDT">
  <testcase classname="testcases.LoginTest" name="verifyCheckboxText" time="0.002">
    <failure type="java.lang.NullPointerException" message="Cannot invoke &amp;quot;pageobjects.HomePage.takeMeToLoginPage()&amp;quot; because &amp;quot;this.homePage&amp;quot; is null">
      <![CDATA[java.lang.NullPointerException: Cannot invoke "pageobjects.HomePage.takeMeToLoginPage()" because "this.homePage" is null
at testcases.LoginTest.verifyCheckboxText(LoginTest.java:36)
at java.base/java.util.ArrayList.forEach(ArrayList.java:1511)
... Removed 29 stack frames]]>
    </failure>
  </testcase> <!-- verifyCheckboxText -->
  <testcase classname="testcases.AccountTest" name="sampleMavenTest" time="0.0">
    <ignored/>
  </testcase> <!-- sampleMavenTest -->
  <testcase classname="testcases.LoginTest" name="fillEmailAndPasswordFieldsAndValidateCheckbox" time="0.0">
    <ignored/>
  </testcase> <!-- fillEmailAndPasswordFieldsAndValidateCheckbox -->
  <testcase classname="testcases.LoginTest" name="fillEmailAndPasswordFieldsAndValidateError" time="0.0">
    <ignored/>
  </testcase> <!-- fillEmailAndPasswordFieldsAndValidateError -->
  <testcase classname="testcases.LoginTest" name="fillEmailAndPasswordFields" time="0.0">
    <ignored/>
  </testcase> <!-- fillEmailAndPasswordFields -->
  <testcase classname="testcases.SignInTest" name="sampleMavenTest" time="0.0">
    <ignored/>
  </testcase> <!-- sampleMavenTest -->
</testsuite> <!-- Smoke -->
