-------------------------------------------------------------------------------
Test set: TestSuite
-------------------------------------------------------------------------------
Tests run: 1, Failures: 1, Errors: 0, Skipped: 0, Time elapsed: 0.193 s <<< FAILURE! - in TestSuite
verifyCheckboxText(testcases.LoginTest)  Time elapsed: 0.006 s  <<< FAILURE!
java.lang.NullPointerException: Cannot invoke "pageobjects.HomePage.takeMeToLoginPage()" because "this.homePage" is null
	at testcases.LoginTest.verifyCheckboxText(LoginTest.java:36)

